19:26:04 24/08/2024 - Searched results are:
[]

19:33:34 24/08/2024 - Searched results are:
[
    {
        "id": "452067815370024628",
        "matching": "100.0%"
    }
]

19:35:10 24/08/2024 - Searched results are:
[
    {
        "id": "452067815370024628",
        "matching": "100.0%"
    }
]

19:36:54 24/08/2024 - Searched results are:
[
    {
        "id": "452067815370024628",
        "matching": "100.0%"
    }
]

19:38:13 24/08/2024 - Searched results are:
19:38:36 24/08/2024 - Searched results are:
19:45:08 24/08/2024 - Searched results are:
19:45:35 24/08/2024 - Searched results are:
19:46:45 24/08/2024 - Searched results are:
[
    {
        "id": "452067815370024628",
        "matching": "100%",
        "pid": "2f29ed21-9ec2-4fbd-baa2-771bf55643d9.jpg"
    }
]

